2023-05-31 07:34:47,302:WARNING:
'cuml' is a soft dependency and not included in the pycaret installation. Please run: `pip install cuml` to install.
2023-05-31 07:34:47,304:WARNING:
'cuml' is a soft dependency and not included in the pycaret installation. Please run: `pip install cuml` to install.
2023-05-31 07:34:47,304:WARNING:
'cuml' is a soft dependency and not included in the pycaret installation. Please run: `pip install cuml` to install.
2023-05-31 07:34:47,304:WARNING:
'cuml' is a soft dependency and not included in the pycaret installation. Please run: `pip install cuml` to install.
2023-05-31 07:34:48,936:WARNING:
'prophet' is a soft dependency and not included in the pycaret installation. Please run: `pip install prophet` to install.
2023-05-31 07:34:53,041:INFO:PyCaret RegressionExperiment
2023-05-31 07:34:53,041:INFO:Logging name: reg-default-name
2023-05-31 07:34:53,041:INFO:ML Usecase: MLUsecase.REGRESSION
2023-05-31 07:34:53,041:INFO:version 3.0.0
2023-05-31 07:34:53,041:INFO:Initializing setup()
2023-05-31 07:34:53,041:INFO:self.USI: baa8
2023-05-31 07:34:53,041:INFO:self._variable_keys: {'pipeline', '_ml_usecase', 'target_param', 'y_train', 'exp_name_log', 'X_test', 'y', 'memory', 'data', 'log_plots_param', 'X', 'USI', 'gpu_param', 'transform_target_param', 'logging_param', 'fold_shuffle_param', 'fold_generator', 'gpu_n_jobs_param', 'idx', 'html_param', 'fold_groups_param', '_available_plots', 'exp_id', 'X_train', 'n_jobs_param', 'seed', 'y_test'}
2023-05-31 07:34:53,041:INFO:Checking environment
2023-05-31 07:34:53,041:INFO:python_version: 3.9.13
2023-05-31 07:34:53,041:INFO:python_build: ('main', 'Aug 25 2022 18:29:29')
2023-05-31 07:34:53,041:INFO:machine: x86_64
2023-05-31 07:34:53,041:INFO:platform: macOS-10.16-x86_64-i386-64bit
2023-05-31 07:34:53,041:INFO:Memory: svmem(total=8589934592, available=429252608, percent=95.0, used=799965184, free=8757248, active=424108032, inactive=400490496, wired=375857152)
2023-05-31 07:34:53,042:INFO:Physical Core: 8
2023-05-31 07:34:53,042:INFO:Logical Core: 8
2023-05-31 07:34:53,042:INFO:Checking libraries
2023-05-31 07:34:53,042:INFO:System:
2023-05-31 07:34:53,042:INFO:    python: 3.9.13 (main, Aug 25 2022, 18:29:29)  [Clang 12.0.0 ]
2023-05-31 07:34:53,042:INFO:executable: /Applications/anaconda/anaconda3/bin/python
2023-05-31 07:34:53,042:INFO:   machine: macOS-10.16-x86_64-i386-64bit
2023-05-31 07:34:53,042:INFO:PyCaret required dependencies:
2023-05-31 07:34:53,042:INFO:                 pip: 22.2.2
2023-05-31 07:34:53,042:INFO:          setuptools: 63.4.1
2023-05-31 07:34:53,042:INFO:             pycaret: 3.0.0
2023-05-31 07:34:53,042:INFO:             IPython: 8.11.0
2023-05-31 07:34:53,042:INFO:          ipywidgets: 7.6.5
2023-05-31 07:34:53,042:INFO:                tqdm: 4.64.1
2023-05-31 07:34:53,042:INFO:               numpy: 1.21.5
2023-05-31 07:34:53,042:INFO:              pandas: 1.4.4
2023-05-31 07:34:53,042:INFO:              jinja2: 2.11.3
2023-05-31 07:34:53,042:INFO:               scipy: 1.9.1
2023-05-31 07:34:53,042:INFO:              joblib: 1.2.0
2023-05-31 07:34:53,042:INFO:             sklearn: 1.0.2
2023-05-31 07:34:53,042:INFO:                pyod: 1.0.9
2023-05-31 07:34:53,042:INFO:            imblearn: 0.10.1
2023-05-31 07:34:53,043:INFO:   category_encoders: 2.6.0
2023-05-31 07:34:53,043:INFO:            lightgbm: 3.3.5
2023-05-31 07:34:53,043:INFO:               numba: 0.55.1
2023-05-31 07:34:53,043:INFO:            requests: 2.28.1
2023-05-31 07:34:53,043:INFO:          matplotlib: 3.5.2
2023-05-31 07:34:53,043:INFO:          scikitplot: 0.3.7
2023-05-31 07:34:53,043:INFO:         yellowbrick: 1.5
2023-05-31 07:34:53,043:INFO:              plotly: 5.9.0
2023-05-31 07:34:53,043:INFO:             kaleido: 0.2.1
2023-05-31 07:34:53,043:INFO:         statsmodels: 0.13.2
2023-05-31 07:34:53,043:INFO:              sktime: 0.17.1
2023-05-31 07:34:53,043:INFO:               tbats: 1.1.3
2023-05-31 07:34:53,043:INFO:            pmdarima: 2.0.3
2023-05-31 07:34:53,043:INFO:              psutil: 5.9.4
2023-05-31 07:34:53,043:INFO:PyCaret optional dependencies:
2023-05-31 07:34:53,072:INFO:                shap: Not installed
2023-05-31 07:34:53,072:INFO:           interpret: Not installed
2023-05-31 07:34:53,072:INFO:                umap: Not installed
2023-05-31 07:34:53,072:INFO:    pandas_profiling: Not installed
2023-05-31 07:34:53,072:INFO:  explainerdashboard: Not installed
2023-05-31 07:34:53,072:INFO:             autoviz: Not installed
2023-05-31 07:34:53,072:INFO:           fairlearn: Not installed
2023-05-31 07:34:53,073:INFO:             xgboost: Not installed
2023-05-31 07:34:53,073:INFO:            catboost: Not installed
2023-05-31 07:34:53,073:INFO:              kmodes: Not installed
2023-05-31 07:34:53,073:INFO:             mlxtend: Not installed
2023-05-31 07:34:53,073:INFO:       statsforecast: Not installed
2023-05-31 07:34:53,073:INFO:        tune_sklearn: Not installed
2023-05-31 07:34:53,073:INFO:                 ray: Not installed
2023-05-31 07:34:53,073:INFO:            hyperopt: Not installed
2023-05-31 07:34:53,073:INFO:              optuna: Not installed
2023-05-31 07:34:53,073:INFO:               skopt: Not installed
2023-05-31 07:34:53,073:INFO:              mlflow: Not installed
2023-05-31 07:34:53,073:INFO:              gradio: Not installed
2023-05-31 07:34:53,073:INFO:             fastapi: Not installed
2023-05-31 07:34:53,073:INFO:             uvicorn: Not installed
2023-05-31 07:34:53,073:INFO:              m2cgen: Not installed
2023-05-31 07:34:53,073:INFO:           evidently: Not installed
2023-05-31 07:34:53,073:INFO:               fugue: Not installed
2023-05-31 07:34:53,073:INFO:           streamlit: Not installed
2023-05-31 07:34:53,073:INFO:             prophet: Not installed
2023-05-31 07:34:53,073:INFO:None
2023-05-31 07:34:53,073:INFO:Set up data.
2023-05-31 07:34:53,102:INFO:Set up train/test split.
2023-05-31 07:34:53,114:INFO:Set up index.
2023-05-31 07:34:53,114:INFO:Set up folding strategy.
2023-05-31 07:34:53,114:INFO:Assigning column types.
2023-05-31 07:34:53,118:INFO:Engine successfully changes for model 'lr' to 'sklearn'.
2023-05-31 07:34:53,118:INFO:Engine for model 'lasso' has not been set explicitly, hence returning None.
2023-05-31 07:34:53,124:INFO:Engine for model 'ridge' has not been set explicitly, hence returning None.
2023-05-31 07:34:53,129:INFO:Engine for model 'en' has not been set explicitly, hence returning None.
2023-05-31 07:34:53,201:INFO:Engine for model 'svm' has not been set explicitly, hence returning None.
2023-05-31 07:34:53,255:INFO:Engine for model 'knn' has not been set explicitly, hence returning None.
2023-05-31 07:34:53,256:WARNING:
'xgboost' is a soft dependency and not included in the pycaret installation. Please run: `pip install xgboost` to install.
Alternately, you can install this by running `pip install pycaret[models]`
2023-05-31 07:38:46,268:INFO:PyCaret RegressionExperiment
2023-05-31 07:38:46,270:INFO:Logging name: reg-default-name
2023-05-31 07:38:46,270:INFO:ML Usecase: MLUsecase.REGRESSION
2023-05-31 07:38:46,270:INFO:version 3.0.0
2023-05-31 07:38:46,270:INFO:Initializing setup()
2023-05-31 07:38:46,270:INFO:self.USI: 4719
2023-05-31 07:38:46,270:INFO:self._variable_keys: {'pipeline', '_ml_usecase', 'target_param', 'y_train', 'exp_name_log', 'X_test', 'y', 'memory', 'data', 'log_plots_param', 'X', 'USI', 'gpu_param', 'transform_target_param', 'logging_param', 'fold_shuffle_param', 'fold_generator', 'gpu_n_jobs_param', 'idx', 'html_param', 'fold_groups_param', '_available_plots', 'exp_id', 'X_train', 'n_jobs_param', 'seed', 'y_test'}
2023-05-31 07:38:46,270:INFO:Checking environment
2023-05-31 07:38:46,270:INFO:python_version: 3.9.13
2023-05-31 07:38:46,270:INFO:python_build: ('main', 'Aug 25 2022 18:29:29')
2023-05-31 07:38:46,271:INFO:machine: x86_64
2023-05-31 07:38:46,271:INFO:platform: macOS-10.16-x86_64-i386-64bit
2023-05-31 07:38:46,272:INFO:Memory: svmem(total=8589934592, available=416653312, percent=95.1, used=790163456, free=13414400, active=406360064, inactive=399130624, wired=383803392)
2023-05-31 07:38:46,272:INFO:Physical Core: 8
2023-05-31 07:38:46,272:INFO:Logical Core: 8
2023-05-31 07:38:46,272:INFO:Checking libraries
2023-05-31 07:38:46,272:INFO:System:
2023-05-31 07:38:46,272:INFO:    python: 3.9.13 (main, Aug 25 2022, 18:29:29)  [Clang 12.0.0 ]
2023-05-31 07:38:46,272:INFO:executable: /Applications/anaconda/anaconda3/bin/python
2023-05-31 07:38:46,273:INFO:   machine: macOS-10.16-x86_64-i386-64bit
2023-05-31 07:38:46,273:INFO:PyCaret required dependencies:
2023-05-31 07:38:46,273:INFO:                 pip: 22.2.2
2023-05-31 07:38:46,273:INFO:          setuptools: 63.4.1
2023-05-31 07:38:46,273:INFO:             pycaret: 3.0.0
2023-05-31 07:38:46,273:INFO:             IPython: 8.11.0
2023-05-31 07:38:46,273:INFO:          ipywidgets: 7.6.5
2023-05-31 07:38:46,273:INFO:                tqdm: 4.64.1
2023-05-31 07:38:46,273:INFO:               numpy: 1.21.5
2023-05-31 07:38:46,273:INFO:              pandas: 1.4.4
2023-05-31 07:38:46,273:INFO:              jinja2: 2.11.3
2023-05-31 07:38:46,273:INFO:               scipy: 1.9.1
2023-05-31 07:38:46,273:INFO:              joblib: 1.2.0
2023-05-31 07:38:46,273:INFO:             sklearn: 1.0.2
2023-05-31 07:38:46,273:INFO:                pyod: 1.0.9
2023-05-31 07:38:46,274:INFO:            imblearn: 0.10.1
2023-05-31 07:38:46,274:INFO:   category_encoders: 2.6.0
2023-05-31 07:38:46,274:INFO:            lightgbm: 3.3.5
2023-05-31 07:38:46,274:INFO:               numba: 0.55.1
2023-05-31 07:38:46,274:INFO:            requests: 2.28.1
2023-05-31 07:38:46,274:INFO:          matplotlib: 3.5.2
2023-05-31 07:38:46,274:INFO:          scikitplot: 0.3.7
2023-05-31 07:38:46,274:INFO:         yellowbrick: 1.5
2023-05-31 07:38:46,274:INFO:              plotly: 5.9.0
2023-05-31 07:38:46,274:INFO:             kaleido: 0.2.1
2023-05-31 07:38:46,274:INFO:         statsmodels: 0.13.2
2023-05-31 07:38:46,274:INFO:              sktime: 0.17.1
2023-05-31 07:38:46,274:INFO:               tbats: 1.1.3
2023-05-31 07:38:46,274:INFO:            pmdarima: 2.0.3
2023-05-31 07:38:46,274:INFO:              psutil: 5.9.4
2023-05-31 07:38:46,274:INFO:PyCaret optional dependencies:
2023-05-31 07:38:46,274:INFO:                shap: Not installed
2023-05-31 07:38:46,274:INFO:           interpret: Not installed
2023-05-31 07:38:46,274:INFO:                umap: Not installed
2023-05-31 07:38:46,274:INFO:    pandas_profiling: Not installed
2023-05-31 07:38:46,274:INFO:  explainerdashboard: Not installed
2023-05-31 07:38:46,274:INFO:             autoviz: Not installed
2023-05-31 07:38:46,274:INFO:           fairlearn: Not installed
2023-05-31 07:38:46,274:INFO:             xgboost: Not installed
2023-05-31 07:38:46,274:INFO:            catboost: Not installed
2023-05-31 07:38:46,274:INFO:              kmodes: Not installed
2023-05-31 07:38:46,274:INFO:             mlxtend: Not installed
2023-05-31 07:38:46,274:INFO:       statsforecast: Not installed
2023-05-31 07:38:46,274:INFO:        tune_sklearn: Not installed
2023-05-31 07:38:46,275:INFO:                 ray: Not installed
2023-05-31 07:38:46,275:INFO:            hyperopt: Not installed
2023-05-31 07:38:46,275:INFO:              optuna: Not installed
2023-05-31 07:38:46,275:INFO:               skopt: Not installed
2023-05-31 07:38:46,275:INFO:              mlflow: Not installed
2023-05-31 07:38:46,275:INFO:              gradio: Not installed
2023-05-31 07:38:46,275:INFO:             fastapi: Not installed
2023-05-31 07:38:46,275:INFO:             uvicorn: Not installed
2023-05-31 07:38:46,275:INFO:              m2cgen: Not installed
2023-05-31 07:38:46,275:INFO:           evidently: Not installed
2023-05-31 07:38:46,275:INFO:               fugue: Not installed
2023-05-31 07:38:46,275:INFO:           streamlit: Not installed
2023-05-31 07:38:46,275:INFO:             prophet: Not installed
2023-05-31 07:38:46,275:INFO:None
2023-05-31 07:38:46,275:INFO:Set up data.
2023-05-31 07:38:46,344:INFO:Set up train/test split.
2023-05-31 07:38:46,362:INFO:Set up index.
2023-05-31 07:38:46,362:INFO:Set up folding strategy.
2023-05-31 07:38:46,363:INFO:Assigning column types.
2023-05-31 07:38:46,366:INFO:Engine successfully changes for model 'lr' to 'sklearn'.
2023-05-31 07:38:46,367:INFO:Engine for model 'lasso' has not been set explicitly, hence returning None.
2023-05-31 07:38:46,373:INFO:Engine for model 'ridge' has not been set explicitly, hence returning None.
2023-05-31 07:38:46,379:INFO:Engine for model 'en' has not been set explicitly, hence returning None.
2023-05-31 07:38:46,449:INFO:Engine for model 'svm' has not been set explicitly, hence returning None.
2023-05-31 07:38:46,504:INFO:Engine for model 'knn' has not been set explicitly, hence returning None.
2023-05-31 07:38:46,505:WARNING:
'xgboost' is a soft dependency and not included in the pycaret installation. Please run: `pip install xgboost` to install.
Alternately, you can install this by running `pip install pycaret[models]`
